Reaction test v3
type	A+B+C
number	1000

max value	65536
unit	us

test	A	B	C
0	435	990	516
1	780	284	2934
2	133	682	1234
3	587	48	663
4	346	895	3529
5	68	666	2287
6	640	160	4924
7	354	910	432
8	423	979	499
9	133	685	2312
10	975	496	2119
11	872	397	3081
12	702	213	3937
13	171	771	2392
14	698	273	2865
15	29	578	3260
16	138	706	213
17	290	842	1416
18	7	555	1175
19	267	823	4535
20	697	183	772
21	831	346	1976
22	457	1010	532
23	157	704	3381
24	848	368	986
25	927	451	2064
26	941	462	3
27	318	869	2492
28	713	235	792
29	80	637	155
30	545	69	622
31	490	11	568
32	61	613	5362
33	925	446	4167
34	414	966	489
35	711	232	787
36	9	564	84
37	634	159	2842
38	474	1031	606
39	391	999	531
40	492	964	1506
41	375	294	2559
42	1007	477	2094
43	637	157	712
44	559	72	635
45	632	121	1708
46	250	808	326
47	449	1007	527
48	150	707	227
49	918	439	3
50	153	705	228
51	277	876	2499
52	104	653	2271
53	288	834	1443
54	333	888	408
55	523	38	599
56	638	155	715
57	508	29	586
58	93	645	169
59	822	346	960
60	402	953	5686
61	181	731	256
62	1036	551	1113
63	628	153	704
64	995	512	39
65	170	724	246
66	700	213	776
67	788	307	1926
68	529	44	3701
69	300	897	2517
70	50	595	1142
71	305	881	381
72	862	384	939
73	651	177	1787
74	880	400	955
75	1011	535	3168
76	487	1042	564
77	1024	520	1099
78	292	901	3551
79	173	727	249
80	928	449	4169
81	994	514	35
82	135	736	2355
83	934	459	2083
84	142	698	220
85	145	748	2372
86	999	521	44
87	929	401	1004
88	730	256	861
89	468	1022	544
90	417	968	2597
91	387	958	463
92	8	562	84
93	125	680	202
94	919	421	3
95	301	861	2479
96	130	710	208
97	950	465	3
98	770	283	2927
99	164	715	2344
100	871	397	2014
101	393	1252	527
102	638	161	714
103	508	25	1655
104	365	918	1487
105	125	678	200
106	393	949	471
107	312	868	389
108	998	511	1074
109	552	74	1644
110	1021	538	2158
111	489	1035	4751
112	533	35	2694
113	893	414	2033
114	151	702	3343
115	659	183	2863
116	531	55	607
117	284	834	360
118	975	492	3129
119	154	710	232
120	915	437	3
121	992	514	38
122	571	93	648
123	853	372	3
124	1003	512	44
125	548	57	2706
126	550	71	2725
127	825	350	963
128	856	367	4080
129	43	598	120
130	715	235	2947
131	318	871	1422
132	374	970	1519
133	102	709	1262
134	956	468	3135
135	353	906	4618
136	333	935	467
137	100	655	1207
138	698	219	2865
139	968	481	1044
140	724	245	857
141	719	189	2882
142	112	666	190
143	447	1049	2655
144	885	410	2028
145	155	703	2328
146	569	93	644
147	769	230	2925
148	911	431	3
149	980	503	23
150	993	513	2087
151	734	252	809
152	722	237	1860
153	939	464	3
154	523	46	1674
155	82	636	158
156	640	151	2794
157	513	24	588
158	121	674	196
159	432	979	3663
160	974	495	29
161	211	767	289
162	254	804	330
163	947	467	3
164	7	555	4286
165	46	648	180
166	342	898	418
167	584	99	661
168	78	634	156
169	57	659	1211
170	412	964	4625
171	14	568	90
172	95	647	2276
173	717	235	851
174	410	960	2589
175	140	695	217
176	355	957	489
177	414	971	491
178	450	1004	3651
179	656	179	734
180	260	817	337
181	728	241	805
182	920	439	3
183	170	725	247
184	264	819	339
185	296	891	425
186	1028	553	1104
187	449	1005	527
188	43	598	118
189	56	604	3240
190	954	475	6
191	812	333	935
192	312	917	449
193	561	74	2729
194	578	98	653
195	844	365	920
196	710	221	2869
197	970	490	11
198	659	121	1751
199	907	428	3
200	859	372	3071
201	535	55	610
202	461	1067	599
203	985	506	2143
204	835	358	3040
205	151	704	226
206	595	110	671
207	154	750	1301
208	54	581	129
209	606	74	682
210	974	484	18
211	253	808	330
212	523	46	601
213	649	173	724
214	814	337	1907
215	490	1041	4760
216	144	696	2319
217	200	805	337
218	760	280	835
219	670	172	1822
220	880	404	955
221	913	434	3
222	819	340	895
223	627	148	703
224	70	617	1205
225	857	378	2011
226	1026	547	67
227	591	93	2750
228	372	930	450
229	333	886	408
230	268	779	735
231	335	849	802
232	930	450	3
233	640	165	716
234	456	1014	534
235	401	955	477
236	843	363	920
237	831	351	4074
238	911	424	2066
239	646	166	721
240	818	339	958
241	951	464	3
242	173	731	251
243	557	70	2771
244	73	625	3319
245	872	385	948
246	552	18	627
247	727	247	1881
248	836	299	2998
249	786	312	864
250	362	962	494
251	585	100	1734
252	945	466	3
253	200	805	3463
254	230	785	305
255	468	1018	544
256	805	326	2977
257	737	258	813
258	1059	581	113
259	1071	593	127
260	350	902	2527
261	911	432	3
262	778	291	854
263	406	1008	540
264	502	1054	577
265	192	789	321
266	233	789	311
267	951	475	3
268	633	157	708
269	640	161	776
270	269	875	409
271	1005	528	2148
272	865	388	3034
273	764	275	1915
274	1028	490	2111
275	1033	548	67
276	112	711	1264
277	861	380	1001
278	758	271	3941
279	128	686	206
280	536	57	2701
281	435	1036	2661
282	121	971	198
283	472	1029	547
284	419	975	495
285	248	408	262
286	859	372	3024
287	296	852	373
288	205	759	281
289	118	673	195
290	74	630	150
291	859	379	934
292	1042	561	95
293	884	405	962
294	92	646	4360
295	42	589	171
296	464	1022	542
297	665	183	4898
298	920	441	3
299	818	338	4057
300	343	895	418
301	276	878	2501
302	741	262	817
303	385	940	462
304	311	865	386
305	91	644	5402
306	989	511	2141
307	527	46	1663
308	311	866	388
309	464	1013	3649
310	899	418	2018
311	873	393	950
312	140	693	217
313	775	256	851
314	3	552	3184
315	76	630	154
316	488	7	623
317	281	831	3508
318	45	673	120
319	311	909	443
320	597	101	1748
321	745	258	1884
322	333	895	3583
323	124	673	2287
324	240	798	1350
325	645	157	3881
326	951	471	3
327	133	685	3323
328	236	836	370
329	5	554	2166
330	415	974	493
331	586	104	661
332	250	801	2426
333	560	28	2723
334	37	588	2216
335	326	931	2543
336	79	637	157
337	820	338	956
338	331	886	406
339	172	729	249
340	56	657	2265
341	402	977	559
342	363	917	440
343	589	114	1738
344	855	376	931
345	646	165	780
346	342	891	3577
347	985	506	1118
348	408	971	486
349	891	353	4080
350	529	49	2709
351	425	981	502
352	1022	535	65
353	728	247	1877
354	881	381	3056
355	406	955	2569
356	553	72	629
357	998	522	44
358	597	119	2773
359	593	105	669
360	783	303	2948
361	1082	588	1158
362	820	339	4052
363	142	696	217
364	47	595	2207
365	1042	565	151
366	434	987	3679
367	336	947	2520
368	408	964	484
369	266	815	2426
370	378	930	454
371	232	830	360
372	677	187	1764
373	370	928	446
374	647	114	2822
375	976	480	3
376	436	990	511
377	28	576	3274
378	82	634	160
379	797	307	873
380	717	187	2882
381	339	896	416
382	936	457	5194
383	691	206	2856
384	40	598	116
385	455	1007	4710
386	208	763	285
387	674	196	749
388	48	600	124
389	99	652	174
390	682	202	1832
391	728	247	1897
392	888	407	2044
393	560	73	635
394	846	365	3021
395	397	947	473
396	406	890	468
397	919	431	995
398	610	132	742
399	602	123	3842
400	503	24	580
401	940	443	3
402	897	423	973
403	836	353	914
404	301	855	377
405	209	761	2383
406	916	440	2061
407	65	620	142
408	163	716	238
409	874	338	4057
410	436	988	512
411	117	673	195
412	74	625	1177
413	708	228	2876
414	499	22	3737
415	85	653	1260
416	1065	589	121
417	1058	576	2173
418	366	967	501
419	884	403	3
420	534	44	2705
421	805	320	880
422	314	866	389
423	346	896	422
424	724	244	799
425	277	827	4548
426	818	339	4017
427	584	104	3782
428	561	82	639
429	1005	526	2098
430	93	648	1208
431	337	942	476
432	900	421	3
433	209	735	287
434	488	1044	566
435	160	710	236
436	185	778	1357
437	824	344	2985
438	653	155	1800
439	818	322	4003
440	53	609	131
441	264	819	341
442	322	927	1920
443	746	271	820
444	445	1001	523
445	153	758	4472
446	792	312	922
447	848	369	924
448	443	990	2617
449	241	790	2420
450	95	647	171
451	1018	537	60
452	417	973	495
453	322	921	2529
454	295	847	371
455	535	52	611
456	317	873	393
457	241	791	4514
458	659	179	7044
459	936	451	2079
460	588	108	720
461	859	383	935
462	275	874	4530
463	117	785	193
464	986	702	29
465	584	52	660
466	413	1013	2634
467	827	349	1918
468	782	284	860
469	39	591	114
470	811	326	888
471	192	743	2784
472	331	930	463
473	395	950	472
474	770	290	4003
475	470	1025	545
476	357	915	435
477	500	1047	2677
478	408	965	485
479	322	874	1444
480	84	636	3272
481	391	943	469
482	450	1006	4720
483	582	103	660
484	578	100	653
485	735	248	811
486	183	734	6549
487	427	978	5713
488	801	316	2972
489	970	485	1046
490	61	658	192
491	313	916	1468
492	451	1007	528
493	1035	555	72
494	423	973	499
495	1042	420	3
496	111	720	253
497	589	101	1738
498	271	825	347
499	78	685	4350
500	606	121	1753
501	565	85	640
502	969	488	3138
503	153	758	2364
504	984	503	24
505	985	506	1116
506	578	100	1683
507	908	432	3
508	807	275	883
509	535	56	3731
510	423	978	500
511	934	459	2081
512	743	264	1871
513	522	35	600
514	438	993	513
515	515	39	590
516	779	300	915
517	724	185	2886
518	915	436	3
519	692	205	2906
520	677	198	2850
521	885	406	963
522	245	793	2409
523	1022	443	1035
524	402	1004	3634
525	597	117	1693
526	143	893	1342
527	569	89	2734
528	741	256	817
529	889	413	1020
530	365	917	3553
531	619	142	697
532	123	721	3351
533	900	421	4097
534	951	471	5
535	63	619	139
536	571	92	647
537	886	404	961
538	895	408	972
539	509	33	584
540	305	852	9808
541	662	183	738
542	860	382	937
543	18	574	94
544	1069	588	121
545	265	866	2491
546	308	857	2473
547	831	351	965
548	566	91	695
549	982	501	21
550	912	376	3090
551	841	362	917
552	1012	536	61
553	554	116	4870
554	986	500	31
555	966	489	2060
556	305	965	380
557	483	1038	560
558	620	123	1716
559	519	38	4788
560	987	508	4234
561	101	653	1208
562	913	434	7235
563	138	690	2312
564	542	7	3724
565	628	153	704
566	790	279	3967
567	759	278	1914
568	1041	556	86
569	905	428	3
570	337	932	3557
571	99	651	174
572	861	382	994
573	709	232	1839
574	418	973	495
575	574	93	2747
576	688	209	1835
577	795	316	1935
578	340	893	3523
579	194	749	271
580	383	942	460
581	52	602	128
582	22	623	2246
583	846	370	3052
584	374	928	450
585	756	277	4982
586	389	988	8846
587	265	823	341
588	401	977	3669
589	696	221	834
590	1002	523	2096
591	166	717	3355
592	1010	531	57
593	324	876	401
594	615	138	755
595	185	788	320
596	76	632	152
597	151	753	2359
598	991	512	33
599	852	356	3010
600	74	671	2294
601	823	338	901
602	427	1029	559
603	878	273	893
604	971	492	12
605	769	278	1904
606	823	344	903
607	163	754	240
608	747	267	879
609	803	327	882
610	129	681	1234
611	193	748	269
612	288	893	423
613	511	28	586
614	871	392	948
615	796	316	873
616	977	500	2071
617	476	1026	4721
618	63	613	2238
619	707	228	783
620	833	322	2998
621	417	973	495
622	527	48	605
623	286	837	363
624	411	963	489
625	170	721	3427
626	947	468	3106
627	366	922	442
628	33	633	2254
629	814	335	890
630	920	500	997
631	350	908	428
632	74	627	2248
633	702	226	777
634	140	690	216
635	322	874	1443
636	860	362	2007
637	706	252	783
638	823	338	901
639	1029	550	70
640	329	882	1455
641	316	863	1421
642	252	807	4539
643	495	8	1586
644	748	263	1893
645	831	353	1980
646	902	417	980
647	257	810	332
648	943	466	3110
649	555	76	631
650	713	236	1853
651	820	343	953
652	546	69	1678
653	664	189	740
654	449	1052	2655
655	847	369	922
656	544	65	620
657	505	28	2663
658	610	132	686
659	354	955	487
660	191	746	268
661	277	831	352
662	372	973	507
663	181	736	258
664	801	322	2959
665	486	9	564
666	510	33	586
667	119	673	195
668	176	721	3396
669	683	205	760
670	535	37	611
671	970	490	13
672	128	682	204
673	612	127	1757
674	235	789	311
675	1001	514	3161
676	378	930	454
677	39	591	1144
678	769	289	1918
679	982	500	3143
680	433	986	508
681	1043	567	2189
682	654	175	2823
683	631	151	706
684	25	574	2207
685	904	428	979
686	276	832	352
687	367	967	499
688	367	969	503
689	610	125	2833
690	863	385	2009
691	605	63	680
692	20	840	97
693	39	590	1142
694	806	327	943
695	357	909	433
696	243	799	321
697	1009	529	50
698	175	731	251
699	44	193	3858
700	482	6	3708
701	88	642	163
702	934	449	3090
703	192	743	3378
704	11	558	3193
705	665	185	1817
706	408	962	484
707	703	216	3937
708	1033	553	74
709	322	916	3567
710	812	337	890
711	168	723	245
712	299	851	1404
713	129	726	259
714	373	925	448
715	629	151	706
716	597	119	1755
717	548	69	624
718	839	355	914
719	786	308	863
720	884	399	3041
721	382	933	457
722	818	341	894
723	570	91	646
724	996	509	1072
725	503	22	578
726	12	610	2233
727	815	335	3207
728	425	1026	1592
729	874	398	951
730	672	190	810
731	773	294	2947
732	254	853	1408
733	936	457	3
734	835	337	2994
735	432	1040	574
736	413	967	489
737	892	362	3053
738	586	110	1729
739	43	589	173
740	206	805	2426
741	104	662	180
742	951	474	3111
743	480	1030	3662
744	931	449	3107
745	224	821	2443
746	860	380	935
747	988	509	29
748	83	637	159
749	892	417	3
750	78	630	154
751	153	705	2315
752	185	741	262
753	662	183	798
754	1080	601	135
755	340	893	2518
756	623	148	699
757	155	709	231
758	520	33	597
759	616	137	693
760	939	462	3
761	93	649	169
762	556	58	4841
763	760	285	836
764	724	194	799
765	430	981	4704
766	540	53	2696
767	22	574	2205
768	255	802	2417
769	880	399	956
770	260	857	391
771	376	973	507
772	397	951	537
773	807	331	883
774	174	728	1314
775	249	804	324
776	1056	575	3213
777	507	22	585
778	825	344	1983
779	589	101	2812
780	211	812	346
781	882	375	1376
782	250	799	1405
783	369	970	1528
784	16	571	93
785	398	956	474
786	86	640	1210
787	459	1008	2612
788	818	342	893
789	636	158	711
790	332	884	4600
791	852	370	2002
792	590	110	665
793	90	642	1193
794	630	550	5940
795	867	388	3028
796	354	908	429
797	25	601	103
798	138	742	276
799	335	932	466
800	104	661	180
801	591	106	666
802	765	284	3952
803	457	1058	2681
804	352	907	429
805	265	818	3452
806	307	864	441
807	647	169	89
808	801	326	877
809	320	874	2490
810	374	921	2538
811	694	214	1788
812	194	742	1343
813	852	375	983
814	614	134	689
815	476	1072	606
816	605	125	680
817	292	893	1451
818	902	391	978
819	894	415	3
820	1016	531	63
821	685	205	760
822	95	650	170
823	749	275	824
824	115	717	2338
825	636	159	1781
826	771	292	2932
827	739	200	2895
828	37	593	113
829	899	420	3
830	63	668	2275
831	736	256	3969
832	342	945	477
833	324	925	456
834	181	778	311
835	591	113	668
836	502	1052	3693
837	440	1042	576
838	482	1032	2663
839	67	619	4333
840	779	301	5044
841	269	876	2499
842	840	361	1935
843	745	267	820
844	384	987	518
845	780	303	856
846	175	777	5520
847	164	718	240
848	910	425	986
849	320	870	396
850	650	170	790
851	59	610	2235
852	462	1011	2621
853	380	928	1535
854	131	737	269
855	895	416	3115
856	270	816	3456
857	702	226	2919
858	683	145	2840
859	617	132	695
860	281	833	358
861	756	267	2925
862	764	288	898
863	674	198	1819
864	812	335	1905
865	385	885	3585
866	466	1022	542
867	1017	530	1094
868	1078	592	122
869	895	415	3
870	401	949	2613
871	366	913	1471
872	463	1020	540
873	233	795	309
874	788	292	1937
875	750	213	5017
876	535	56	666
877	16	570	92
878	45	480	57
879	331	889	4550
880	48	648	182
881	514	38	645
882	403	958	478
883	982	507	31
884	26	573	3248
885	499	14	577
886	350	899	1507
887	786	290	864
888	589	109	729
889	998	511	2139
890	638	106	2799
891	874	399	950
892	520	31	1672
893	1032	553	5310
894	181	784	316
895	800	448	932
896	248	799	1351
897	14	235	3915
898	805	312	880
899	673	198	749
900	635	150	1774
901	484	5	620
902	174	774	310
903	4	605	139
904	1086	466	1100
905	305	861	382
906	620	103	695
907	423	1442	2645
908	391	945	467
909	226	776	302
910	286	833	1380
911	25	622	156
912	286	870	363
913	743	267	875
914	726	241	806
915	957	478	2110
916	728	239	803
917	951	473	3
918	279	834	354
919	125	729	259
920	713	234	1871
921	786	307	917
922	331	887	407
923	132	688	210
924	12	612	146
925	63	662	194
926	309	859	1410
927	425	981	501
928	89	694	226
929	640	164	2846
930	704	226	779
931	599	120	675
932	466	1019	541
933	840	361	916
934	792	260	869
935	1031	518	38
936	241	844	378
937	546	67	2713
938	522	44	1667
939	781	301	856
940	791	316	1929
941	503	26	581
942	968	471	3
943	593	114	669
944	179	733	254
945	1027	544	69
946	1003	519	44
947	395	997	2620
948	966	490	14
949	889	410	1029
950	557	81	633
951	388	934	2567
952	816	335	2977
953	870	391	948
954	831	358	1984
955	425	979	3619
956	862	384	994
957	710	631	2855
958	85	636	4355
959	419	966	2581
960	760	272	1855
961	548	69	2719
962	805	329	881
963	613	117	3849
964	457	1008	4712
965	865	377	3032
966	863	383	4046
967	694	215	1852
968	659	179	3909
969	127	679	202
970	316	890	393
971	106	710	244
972	745	264	1890
973	734	254	3996
974	282	838	358
975	344	902	422
976	1050	563	93
977	4	560	80
978	1031	551	83
979	217	774	292
980	982	482	3
981	360	960	494
982	512	33	590
983	773	284	848
984	46	605	124
985	1078	591	123
986	183	784	316
987	249	803	3495
988	833	351	908
989	348	900	423
990	950	463	3
991	427	976	3662
992	533	52	1656
993	406	963	483
994	164	720	242
995	395	951	471
996	230	788	308
997	602	71	2769
998	1084	500	3199
999	174	774	308
