Reaction test v3
type	A+B+C
number	1000

max value	65536
unit	us

test	A	B	C
0	3	3	128
1	42	34	24
2	13	25	3
3	8	28	3
4	16	8	3
5	8	36	3
6	21	29	11
7	23	33	3
8	13	7	3
9	45	51	3
10	23	13	3
11	38	28	20
12	33	11	3
13	50	60	20
14	12	22	3
15	60	54	3
16	15	25	3
17	22	32	12
18	56	50	3
19	281	8	3
20	45	37	3
21	13	3	3
22	43	49	3
23	18	28	8
24	21	31	3
25	3	13	3
26	39	15	3
27	115	55	3
28	50	13	3
29	19	9	3
30	16	7	3
31	24	80	14
32	31	41	3
33	49	44	3
34	82	92	3
35	7	23	3
36	51	45	3
37	8	16	3
38	47	40	3
39	21	11	3
40	13	3	3
41	50	60	3
42	17	27	9
43	83	93	3
44	35	3	3
45	42	32	3
46	3	21	3
47	29	39	3
48	21	31	11
49	46	40	3
50	11	21	3
51	3	13	3
52	7	62	3
53	41	31	3
54	29	39	3
55	39	49	3
56	7	50	3
57	51	8	3
58	35	45	3
59	48	3	3
60	41	22	3
61	15	7	3
62	15	7	3
63	19	29	10
64	68	58	27
65	29	19	11
66	23	13	3
67	43	49	3
68	8	90	3
69	64	54	3
70	99	103	3
71	29	37	3
72	22	32	3
73	21	11	3
74	41	47	3
75	50	56	3
76	60	50	19
77	18	28	8
78	3	13	3
79	7	50	3
80	14	8	3
81	25	15	3
82	120	7	3
83	15	7	3
84	28	38	3
85	127	65	3
86	7	40	3
87	27	18	3
88	15	7	3
89	19	8	3
90	30	40	3
91	19	9	3
92	55	48	3
93	7	14	3
94	32	8	3
95	15	7	3
96	30	20	3
97	49	43	3
98	33	24	14
99	31	41	3
100	45	39	3
101	45	51	3
102	8	30	3
103	16	8	3
104	47	39	8
105	35	43	3
106	3	27	3
107	15	7	3
108	139	18	8
109	26	16	8
110	7	50	3
111	15	7	3
112	49	42	3
113	3	96	3
114	15	7	3
115	45	39	3
116	8	16	3
117	20	30	10
118	30	40	3
119	7	71	3
120	30	20	12
121	48	3	3
122	7	67	3
123	31	21	11
124	18	10	3
125	7	16	3
126	40	45	3
127	50	7	3
128	77	44	3
129	7	50	3
130	14	8	3
131	3	34	40
132	34	38	3
133	37	43	29
134	27	17	3
135	90	100	3
136	26	36	3
137	23	8	3
138	47	42	3
139	23	13	5
140	33	43	3
141	31	21	3
142	41	35	3
143	53	64	24
144	39	3	3
145	29	39	46
146	70	60	29
147	43	13	3
148	3	13	3
149	50	7	3
150	16	8	3
151	13	75	3
152	103	97	3
153	5	53	43
154	7	14	3
155	44	52	3
156	99	7	3
157	15	7	3
158	70	86	76
159	90	82	3
160	45	35	3
161	45	35	3
162	91	97	3
163	7	30	3
164	29	39	3
165	44	50	3
166	52	44	3
167	8	49	3
168	44	50	3
169	68	58	50
170	42	52	3
171	19	9	3
172	37	47	3
173	17	150	3
174	61	51	20
175	16	8	3
176	3	13	3
177	34	26	3
178	57	49	18
179	3	48	3
180	50	7	3
181	30	34	3
182	43	33	3
183	83	73	3
184	9	19	3
185	7	16	3
186	41	209	3
187	43	33	3
188	13	3	3
189	15	7	3
190	38	28	3
191	40	30	3
192	45	51	3
193	31	21	12
194	28	36	3
195	8	14	3
196	52	7	3
197	41	51	12
198	34	24	3
199	28	20	10
200	31	21	13
201	87	94	3
202	13	3	3
203	36	3	3
204	16	8	3
205	24	31	3
206	43	38	3
207	75	17	3
208	48	3	3
209	20	10	3
210	70	80	3
211	29	39	3
212	3	13	3
213	34	24	3
214	7	15	3
215	8	51	3
216	13	7	3
217	13	3	3
218	3	13	3
219	13	3	3
220	7	17	3
221	47	41	3
222	7	44	39
223	22	32	38
224	50	7	3
225	67	57	3
226	9	19	3
227	3	48	3
228	13	3	3
229	33	18	25
230	8	14	3
231	21	31	11
232	36	26	3
233	81	91	3
234	87	93	3
235	42	48	3
236	131	65	3
237	7	120	3
238	55	65	3
239	10	20	3
240	3	21	3
241	79	69	39
242	17	27	9
243	31	21	13
244	25	33	3
245	7	14	3
246	7	14	3
247	7	15	3
248	13	3	3
249	46	53	3
250	13	23	5
251	8	18	3
252	16	8	3
253	93	99	3
254	8	16	3
255	25	35	3
256	35	8	3
257	15	7	3
258	99	7	3
259	16	8	3
260	17	7	23
261	3	48	3
262	13	3	3
263	3	48	3
264	3	13	3
265	34	28	3
266	33	43	50
267	43	37	3
268	8	16	3
269	23	32	3
270	16	8	3
271	7	15	3
272	43	15	3
273	20	29	10
274	32	93	23
275	24	14	4
276	31	21	13
277	28	18	8
278	3	19	9
279	66	56	25
280	47	57	16
281	7	50	3
282	42	50	3
283	25	17	7
284	3	13	3
285	8	18	3
286	11	21	3
287	49	7	3
288	15	138	5
289	71	53	3
290	3	98	3
291	41	31	3
292	13	3	3
293	45	35	3
294	47	26	3
295	7	15	3
296	25	15	7
297	91	81	3
298	21	31	13
299	93	97	3
300	61	67	3
301	7	13	3
302	66	56	3
303	41	45	3
304	51	8	3
305	17	27	7
306	22	30	3
307	97	101	3
308	63	72	33
309	13	3	3
310	37	27	3
311	23	13	5
312	13	167	5
313	13	21	3
314	13	7	3
315	7	14	3
316	3	13	3
317	75	15	5
318	7	50	3
319	91	97	3
320	13	7	3
321	21	11	3
322	39	49	3
323	51	63	22
324	51	32	3
325	78	68	37
326	67	7	3
327	23	31	3
328	41	47	3
329	47	40	3
330	21	31	3
331	11	21	3
332	17	9	3
333	16	8	3
334	97	105	3
335	36	26	3
336	8	51	3
337	3	34	3
338	41	16	3
339	50	56	3
340	16	8	3
341	79	13	3
342	47	41	3
343	62	52	3
344	3	13	3
345	21	11	3
346	54	46	3
347	13	3	3
348	17	27	8
349	17	81	7
350	50	7	3
351	39	29	3
352	13	3	3
353	46	56	3
354	62	72	33
355	71	81	40
356	17	27	3
357	13	23	5
358	11	21	3
359	7	15	3
360	121	61	3
361	27	15	3
362	19	9	3
363	70	60	30
364	36	7	3
365	39	45	3
366	26	36	3
367	17	27	9
368	23	13	5
369	16	8	3
370	128	3	3
371	35	101	25
372	3	19	9
373	19	29	3
374	52	3	3
375	16	8	3
376	64	64	24
377	42	46	3
378	51	8	3
379	53	8	3
380	7	283	3
381	17	27	9
382	13	3	3
383	45	41	3
384	29	39	3
385	16	8	3
386	23	13	3
387	48	3	3
388	80	88	3
389	88	78	3
390	42	32	3
391	11	21	3
392	16	26	8
393	15	7	3
394	41	47	3
395	65	7	3
396	50	44	3
397	58	7	3
398	21	11	3
399	3	34	3
400	17	7	3
401	13	3	3
402	56	66	25
403	13	23	3
404	15	25	5
405	41	47	3
406	7	15	3
407	7	52	3
408	69	9	3
409	64	54	46
410	77	65	37
411	7	18	3
412	50	219	3
413	41	50	3
414	43	35	3
415	3	13	3
416	16	8	3
417	31	21	13
418	36	7	3
419	37	313	29
420	14	8	3
421	16	26	8
422	3	48	3
423	51	37	43
424	3	48	3
425	7	15	3
426	46	36	3
427	25	15	7
428	82	92	3
429	42	36	26
430	8	23	3
431	99	105	3
432	7	15	3
433	57	47	18
434	7	15	3
435	39	15	3
436	17	27	7
437	13	3	3
438	52	46	3
439	32	40	22
440	15	7	3
441	80	17	7
442	17	27	3
443	43	35	3
444	49	39	3
445	9	19	3
446	13	3	3
447	39	43	3
448	105	39	31
449	26	36	3
450	36	8	3
451	5	13	19
452	60	70	32
453	26	44	16
454	32	22	3
455	7	21	13
456	79	89	3
457	7	15	3
458	13	3	3
459	7	13	3
460	45	51	3
461	30	20	10
462	8	75	3
463	40	32	3
464	46	52	3
465	104	44	3
466	7	38	3
467	49	43	3
468	33	43	3
469	16	8	3
470	36	26	3
471	7	15	3
472	37	27	3
473	15	7	3
474	13	3	3
475	13	3	3
476	8	132	3
477	3	13	3
478	3	52	3
479	74	64	35
480	174	7	3
481	27	37	3
482	96	7	3
483	13	23	3
484	7	28	3
485	41	31	3
486	3	13	3
487	36	7	3
488	31	39	3
489	44	34	3
490	30	40	22
491	67	3	3
492	43	36	3
493	16	7	3
494	3	36	3
495	61	3	3
496	22	28	3
497	15	7	3
498	28	38	20
499	47	41	3
500	7	15	3
501	3	13	3
502	14	8	3
503	18	28	10
504	11	19	3
505	27	17	7
506	17	25	7
507	14	8	3
508	3	13	3
509	3	48	3
510	12	37	3
511	14	7	3
512	15	7	3
513	28	94	18
514	43	36	3
515	64	74	35
516	8	16	3
517	13	23	5
518	52	46	3
519	8	51	3
520	38	48	7
521	39	29	3
522	97	91	3
523	103	43	3
524	7	61	3
525	49	7	3
526	25	15	5
527	98	32	22
528	37	7	3
529	29	14	20
530	14	8	3
531	33	43	3
532	14	8	3
533	14	8	3
534	50	56	3
535	6	21	11
536	99	85	3
537	39	104	29
538	53	65	24
539	39	49	3
540	50	67	3
541	48	3	3
542	8	49	3
543	20	3	3
544	15	7	3
545	13	23	3
546	47	42	3
547	7	50	3
548	28	38	3
549	34	25	3
550	45	35	7
551	5	13	19
552	29	19	11
553	29	19	10
554	7	23	3
555	48	3	3
556	3	48	3
557	13	3	3
558	13	3	3
559	59	68	49
560	23	83	13
561	39	31	3
562	78	88	3
563	28	18	3
564	25	3	3
565	15	25	7
566	28	38	3
567	27	37	3
568	7	15	3
569	12	22	28
570	44	26	3
571	39	45	3
572	50	7	3
573	7	17	3
574	13	3	3
575	7	15	3
576	44	52	3
577	36	26	3
578	171	8	3
579	17	7	23
580	55	121	3
581	3	48	3
582	37	27	3
583	13	3	3
584	7	15	3
585	16	26	3
586	47	43	3
587	32	22	3
588	19	29	3
589	39	29	3
590	52	7	3
591	5	21	11
592	3	35	3
593	29	21	11
594	46	42	3
595	61	49	18
596	38	44	3
597	15	7	3
598	43	36	3
599	3	13	3
600	7	15	3
601	65	7	3
602	8	85	3
603	3	21	3
604	31	21	11
605	37	7	3
606	7	103	3
607	26	32	3
608	39	23	29
609	30	40	3
610	3	14	3
611	127	65	3
612	7	16	3
613	44	54	3
614	95	86	3
615	15	7	3
616	43	53	12
617	50	7	3
618	44	13	5
619	3	13	3
620	50	152	3
621	14	8	3
622	38	28	3
623	26	34	3
624	24	14	6
625	10	178	3
626	13	3	3
627	146	44	3
628	43	51	3
629	12	22	3
630	8	49	3
631	13	7	3
632	18	30	3
633	33	23	3
634	16	8	3
635	37	3	3
636	26	36	3
637	15	25	7
638	19	27	9
639	45	37	3
640	7	148	3
641	47	55	17
642	41	47	3
643	18	9	3
644	62	57	3
645	19	29	11
646	70	37	29
647	28	3	3
648	29	21	11
649	53	36	26
650	48	58	3
651	50	7	3
652	50	7	3
653	29	19	3
654	7	71	3
655	7	16	3
656	45	55	15
657	7	52	3
658	36	7	3
659	3	13	3
660	48	42	3
661	74	57	64
662	31	41	3
663	20	8	3
664	7	17	3
665	17	7	3
666	48	42	3
667	33	43	3
668	28	7	3
669	125	7	3
670	41	36	3
671	8	14	3
672	9	33	3
673	46	50	3
674	56	7	3
675	3	13	3
676	3	127	3
677	31	41	3
678	43	19	3
679	32	22	14
680	28	22	3
681	79	48	3
682	23	15	5
683	14	24	3
684	173	8	3
685	32	42	3
686	7	15	3
687	31	41	3
688	45	41	3
689	30	20	12
690	32	7	3
691	39	45	3
692	25	17	7
693	59	69	3
694	8	38	3
695	19	11	3
696	13	23	5
697	15	29	21
698	21	38	11
699	7	50	3
700	7	13	3
701	3	117	3
702	3	13	3
703	39	49	31
704	13	3	3
705	132	30	22
706	20	30	12
707	25	15	3
708	7	14	3
709	13	3	3
710	90	80	3
711	193	39	3
712	30	20	12
713	21	31	11
714	8	51	3
715	50	7	3
716	15	7	3
717	25	35	3
718	13	3	3
719	6	14	21
720	7	15	3
721	107	101	3
722	37	43	3
723	8	16	3
724	31	21	13
725	42	24	16
726	8	14	3
727	8	14	3
728	77	67	39
729	16	26	3
730	70	60	31
731	18	9	3
732	44	48	3
733	16	8	3
734	55	43	14
735	8	18	3
736	44	50	3
737	34	41	3
738	41	35	3
739	27	41	33
740	7	36	3
741	48	42	3
742	29	19	3
743	50	19	9
744	36	3	3
745	60	68	50
746	40	48	3
747	17	7	3
748	23	32	3
749	41	47	3
750	63	69	3
751	3	34	3
752	13	3	3
753	33	43	3
754	94	30	22
755	21	11	3
756	45	35	3
757	53	46	3
758	3	13	3
759	39	43	3
760	42	52	3
761	13	23	3
762	25	15	5
763	47	57	3
764	42	8	3
765	27	17	9
766	46	50	3
767	53	43	12
768	52	46	3
769	30	20	10
770	27	3	3
771	7	14	3
772	52	58	3
773	37	43	3
774	42	49	3
775	27	17	9
776	62	8	3
777	49	39	11
778	13	7	3
779	50	60	3
780	7	50	3
781	101	35	27
782	13	3	3
783	11	144	3
784	3	66	3
785	88	78	3
786	43	33	3
787	107	7	3
788	33	43	3
789	15	7	3
790	71	7	3
791	15	7	3
792	9	31	3
793	30	20	10
794	3	14	3
795	8	122	3
796	17	25	3
797	27	37	3
798	3	13	3
799	52	42	3
800	26	44	3
801	63	3	3
802	36	8	3
803	39	45	3
804	15	25	5
805	8	49	3
806	54	44	3
807	56	46	3
808	8	16	3
809	14	8	3
810	7	28	3
811	64	74	33
812	35	47	7
813	32	55	3
814	54	64	24
815	80	90	3
816	91	83	3
817	30	19	3
818	8	16	3
819	3	13	3
820	7	13	3
821	105	39	29
822	7	17	3
823	43	39	3
824	13	3	3
825	3	48	3
826	29	21	11
827	28	32	3
828	35	27	3
829	51	8	3
830	52	46	3
831	3	50	3
832	3	48	3
833	25	17	7
834	22	32	3
835	51	44	3
836	35	45	3
837	60	42	3
838	38	8	3
839	106	71	42
840	14	7	3
841	17	9	3
842	64	8	3
843	95	32	22
844	18	8	3
845	7	15	3
846	3	13	3
847	16	7	3
848	14	7	3
849	28	18	10
850	47	37	8
851	49	3	3
852	20	30	3
853	39	29	3
854	22	32	3
855	12	22	3
856	7	15	3
857	45	49	3
858	17	25	3
859	164	23	15
860	39	45	3
861	34	24	30
862	45	51	3
863	25	15	7
864	36	27	3
865	80	88	3
866	23	33	3
867	40	3	30
868	83	93	3
869	38	48	7
870	13	3	3
871	46	29	36
872	8	16	3
873	95	3	3
874	13	3	3
875	38	15	3
876	3	117	3
877	33	41	47
878	62	74	33
879	14	7	3
880	145	20	12
881	16	8	3
882	8	16	3
883	24	84	14
884	35	45	3
885	8	23	3
886	25	17	7
887	162	39	3
888	49	39	3
889	25	31	3
890	3	15	3
891	26	36	18
892	7	14	3
893	7	16	3
894	21	29	11
895	3	13	3
896	49	43	3
897	48	3	3
898	8	14	3
899	22	32	3
900	7	14	3
901	51	41	11
902	7	17	3
903	17	27	8
904	11	21	3
905	36	102	28
906	24	28	3
907	15	7	3
908	27	17	3
909	34	7	3
910	168	13	5
911	17	27	9
912	46	34	5
913	49	39	3
914	18	26	8
915	39	45	3
916	25	15	7
917	7	111	3
918	54	119	3
919	8	16	3
920	38	44	3
921	58	64	3
922	30	169	20
923	271	36	26
924	3	13	3
925	19	9	3
926	15	7	3
927	53	63	3
928	19	36	10
929	29	39	3
930	66	74	33
931	14	8	3
932	24	34	3
933	36	28	3
934	16	8	3
935	34	24	3
936	46	40	3
937	17	7	3
938	19	54	3
939	17	27	3
940	65	7	3
941	36	8	3
942	7	13	3
943	15	7	3
944	21	11	3
945	21	13	3
946	49	43	3
947	52	46	3
948	49	39	10
949	29	17	3
950	8	14	3
951	13	3	3
952	7	13	3
953	24	32	3
954	46	53	3
955	58	48	3
956	7	69	3
957	50	7	3
958	39	47	9
959	34	44	3
960	23	13	3
961	13	23	5
962	30	20	10
963	31	21	12
964	13	7	3
965	3	13	3
966	101	3	3
967	11	34	3
968	30	56	3
969	15	23	5
970	201	8	3
971	13	25	3
972	45	35	5
973	27	37	3
974	68	58	27
975	50	7	3
976	27	37	3
977	13	3	3
978	25	17	7
979	26	84	16
980	27	17	7
981	14	8	3
982	8	18	3
983	25	17	7
984	83	74	64
985	41	31	3
986	62	52	3
987	3	95	3
988	15	7	3
989	13	3	3
990	37	42	3
991	37	27	43
992	3	13	3
993	3	13	3
994	7	15	3
995	42	52	11
996	9	35	3
997	70	80	87
998	21	7	3
999	13	3	19
